e:\programming12_02\coding\백준 코딩용\debug\vc142.pdb
e:\programming12_02\coding\백준 코딩용\debug\vc142.idb
e:\programming12_02\coding\백준 코딩용\debug\소스.obj
c:\김영찬\programming12_lyc\coding\백준 코딩용\debug\vc142.pdb
c:\김영찬\programming12_lyc\coding\백준 코딩용\debug\vc142.idb
c:\김영찬\programming12_lyc\coding\백준 코딩용\debug\소스.obj
c:\김영찬\programming12_lyc\coding\백준 코딩용\debug\tmp.obj
e:\programming12_02\coding\project001\debug\백준 코딩용.exe
e:\programming12_02\coding\백준 코딩용\debug\백준 코딩용.ilk
e:\programming12_02\coding\project001\debug\백준 코딩용.pdb
c:\김영찬\programming12_lyc\coding\project001\debug\백준 코딩용.ilk
c:\김영찬\programming12_lyc\coding\project001\debug\백준 코딩용.exe
c:\김영찬\programming12_lyc\coding\project001\debug\백준 코딩용.pdb
c:\김영찬\programming12_lyc\coding\백준 코딩용\debug\소스.obj.enc
c:\김영찬\programming12_lyc\coding\백준 코딩용\debug\백준 코딩용.ilk
c:\김영찬\programming12_lyc\coding\백준 코딩용\debug\백준 코딩용.tlog\cl.command.1.tlog
c:\김영찬\programming12_lyc\coding\백준 코딩용\debug\백준 코딩용.tlog\cl.read.1.tlog
c:\김영찬\programming12_lyc\coding\백준 코딩용\debug\백준 코딩용.tlog\cl.write.1.tlog
c:\김영찬\programming12_lyc\coding\백준 코딩용\debug\백준 코딩용.tlog\link.command.1.tlog
c:\김영찬\programming12_lyc\coding\백준 코딩용\debug\백준 코딩용.tlog\link.delete.1.tlog
c:\김영찬\programming12_lyc\coding\백준 코딩용\debug\백준 코딩용.tlog\link.read.1.tlog
c:\김영찬\programming12_lyc\coding\백준 코딩용\debug\백준 코딩용.tlog\link.write.1.tlog
